c:\users\rty000pro\source\repos\matrix_c++_version_2\matrix_c++_version_2\x64\debug\vc143.pdb
c:\users\rty000pro\source\repos\matrix_c++_version_2\matrix_c++_version_2\x64\debug\vc143.idb
c:\users\rty000pro\source\repos\matrix_c++_version_2\matrix_c++_version_2\x64\debug\func_mcv2.obj
c:\users\rty000pro\source\repos\matrix_c++_version_2\matrix_c++_version_2\x64\debug\class_base.obj
c:\users\rty000pro\source\repos\matrix_c++_version_2\matrix_c++_version_2\x64\debug\check.obj
c:\users\rty000pro\source\repos\matrix_c++_version_2\x64\debug\matrix_c++_version_2.exe
c:\users\rty000pro\source\repos\matrix_c++_version_2\x64\debug\matrix_c++_version_2.pdb
c:\users\rty000pro\source\repos\matrix_c++_version_2\x64\debug\matrix_c++_version_2.lib
c:\users\rty000pro\source\repos\matrix_c++_version_2\matrix_c++_version_2\x64\debug\matrix_c++_version_2.ilk
c:\users\rty000pro\source\repos\matrix_c++_version_2\matrix_c++_version_2\x64\debug\file_manager.obj
c:\users\rty000pro\source\repos\matrix_c++_version_2\matrix_c++_version_2\x64\debug\matrix_c++_version_2.obj
c:\users\rty000pro\source\repos\matrix_c++_version_2\matrix_c++_version_2\x64\debug\matrix_c.945cc8e6.tlog\cl.command.1.tlog
c:\users\rty000pro\source\repos\matrix_c++_version_2\matrix_c++_version_2\x64\debug\matrix_c.945cc8e6.tlog\cl.items.tlog
c:\users\rty000pro\source\repos\matrix_c++_version_2\matrix_c++_version_2\x64\debug\matrix_c.945cc8e6.tlog\cl.read.1.tlog
c:\users\rty000pro\source\repos\matrix_c++_version_2\matrix_c++_version_2\x64\debug\matrix_c.945cc8e6.tlog\cl.write.1.tlog
c:\users\rty000pro\source\repos\matrix_c++_version_2\matrix_c++_version_2\x64\debug\matrix_c.945cc8e6.tlog\lib.command.1.tlog
c:\users\rty000pro\source\repos\matrix_c++_version_2\matrix_c++_version_2\x64\debug\matrix_c.945cc8e6.tlog\link.command.1.tlog
c:\users\rty000pro\source\repos\matrix_c++_version_2\matrix_c++_version_2\x64\debug\matrix_c.945cc8e6.tlog\link.read.1.tlog
c:\users\rty000pro\source\repos\matrix_c++_version_2\matrix_c++_version_2\x64\debug\matrix_c.945cc8e6.tlog\link.secondary.1.tlog
c:\users\rty000pro\source\repos\matrix_c++_version_2\matrix_c++_version_2\x64\debug\matrix_c.945cc8e6.tlog\link.write.1.tlog
